#
# There is insufficient memory for the Java Runtime Environment to continue.
# Native memory allocation (malloc) failed to allocate 1450256 bytes for Chunk::new
# Possible reasons:
#   The system is out of physical RAM or swap space
#   The process is running with CompressedOops enabled, and the Java Heap may be blocking the growth of the native heap
# Possible solutions:
#   Reduce memory load on the system
#   Increase physical memory or swap space
#   Check if swap backing store is full
#   Decrease Java heap size (-Xmx/-Xms)
#   Decrease number of Java threads
#   Decrease Java thread stack sizes (-Xss)
#   Set larger code cache with -XX:ReservedCodeCacheSize=
#   JVM is running with Unscaled Compressed Oops mode in which the Java heap is
#     placed in the first 4GB address space. The Java Heap base address is the
#     maximum limit for the native heap growth. Please use -XX:HeapBaseMinAddress
#     to set the Java Heap base and to place the Java Heap above 4GB virtual address.
# This output file may be truncated or incomplete.
#
#  Out of Memory Error (arena.cpp:168), pid=4888, tid=11344
#
# JRE version: Java(TM) SE Runtime Environment (21.0.2+13) (build 21.0.2+13-LTS-58)
# Java VM: Java HotSpot(TM) 64-Bit Server VM (21.0.2+13-LTS-58, mixed mode, sharing, tiered, compressed oops, compressed class ptrs, g1 gc, windows-amd64)
# No core dump will be written. Minidumps are not enabled by default on client versions of Windows
#

---------------  S U M M A R Y ------------

Command Line: -javaagent:C:\Program Files\JetBrains\IntelliJ IDEA Community Edition 2024.1\lib\idea_rt.jar=61325:C:\Program Files\JetBrains\IntelliJ IDEA Community Edition 2024.1\bin -Dfile.encoding=UTF-8 -Dsun.stdout.encoding=UTF-8 -Dsun.stderr.encoding=UTF-8 com.bookStore.bookStore.BookStoreApplication

Host: 11th Gen Intel(R) Core(TM) i3-1115G4 @ 3.00GHz, 4 cores, 7G,  Windows 11 , 64 bit Build 22621 (10.0.22621.5415)
Time: Wed Jul  9 13:06:31 2025 India Standard Time elapsed time: 2.448239 seconds (0d 0h 0m 2s)

---------------  T H R E A D  ---------------

Current thread (0x0000019453af6ba0):  JavaThread "C2 CompilerThread0" daemon [_thread_in_native, id=11344, stack(0x00000030f1b00000,0x00000030f1c00000) (1024K)]


Current CompileTask:
C2:   2448 2082       4       java.lang.invoke.MethodType::methodType (69 bytes)

Stack: [0x00000030f1b00000,0x00000030f1c00000]
Native frames: (J=compiled Java code, j=interpreted, Vv=VM code, C=native code)
V  [jvm.dll+0x6cade9]
V  [jvm.dll+0x8569c1]
V  [jvm.dll+0x858d2e]
V  [jvm.dll+0x859413]
V  [jvm.dll+0x280e56]
V  [jvm.dll+0xc3f3d]
V  [jvm.dll+0xc4473]
V  [jvm.dll+0x3b5bf2]
V  [jvm.dll+0x382855]
V  [jvm.dll+0x381cca]
V  [jvm.dll+0x249bd0]
V  [jvm.dll+0x2491b1]
V  [jvm.dll+0x1c9634]
V  [jvm.dll+0x258859]
V  [jvm.dll+0x256e3a]
V  [jvm.dll+0x3ef6c6]
V  [jvm.dll+0x7ff568]
V  [jvm.dll+0x6c953d]
C  [ucrtbase.dll+0x29333]
C  [KERNEL32.DLL+0x1259d]
C  [ntdll.dll+0x5af78]


---------------  P R O C E S S  ---------------

Threads class SMR info:
_java_thread_list=0x0000019499e3eb50, length=15, elements={
0x0000019437b40b30, 0x0000019453ae9ba0, 0x0000019453aecf70, 0x0000019453af2df0,
0x0000019453af3940, 0x0000019453af53b0, 0x0000019453af5e10, 0x0000019453af6ba0,
0x0000019453afc010, 0x00000194990b38c0, 0x00000194992c37d0, 0x00000194994f95f0,
0x0000019499940720, 0x000001949983bf00, 0x0000019499ddc550
}

Java Threads: ( => current thread )
  0x0000019437b40b30 JavaThread "main"                              [_thread_blocked, id=13368, stack(0x00000030f0d00000,0x00000030f0e00000) (1024K)]
  0x0000019453ae9ba0 JavaThread "Reference Handler"          daemon [_thread_blocked, id=19084, stack(0x00000030f1500000,0x00000030f1600000) (1024K)]
  0x0000019453aecf70 JavaThread "Finalizer"                  daemon [_thread_blocked, id=14268, stack(0x00000030f1600000,0x00000030f1700000) (1024K)]
  0x0000019453af2df0 JavaThread "Signal Dispatcher"          daemon [_thread_blocked, id=18064, stack(0x00000030f1700000,0x00000030f1800000) (1024K)]
  0x0000019453af3940 JavaThread "Attach Listener"            daemon [_thread_blocked, id=3748, stack(0x00000030f1800000,0x00000030f1900000) (1024K)]
  0x0000019453af53b0 JavaThread "Service Thread"             daemon [_thread_blocked, id=10176, stack(0x00000030f1900000,0x00000030f1a00000) (1024K)]
  0x0000019453af5e10 JavaThread "Monitor Deflation Thread"   daemon [_thread_blocked, id=13484, stack(0x00000030f1a00000,0x00000030f1b00000) (1024K)]
=>0x0000019453af6ba0 JavaThread "C2 CompilerThread0"         daemon [_thread_in_native, id=11344, stack(0x00000030f1b00000,0x00000030f1c00000) (1024K)]
  0x0000019453afc010 JavaThread "C1 CompilerThread0"         daemon [_thread_blocked, id=13024, stack(0x00000030f1c00000,0x00000030f1d00000) (1024K)]
  0x00000194990b38c0 JavaThread "Common-Cleaner"             daemon [_thread_blocked, id=15044, stack(0x00000030f1d00000,0x00000030f1e00000) (1024K)]
  0x00000194992c37d0 JavaThread "Monitor Ctrl-Break"         daemon [_thread_in_native, id=3128, stack(0x00000030f1f00000,0x00000030f2000000) (1024K)]
  0x00000194994f95f0 JavaThread "Notification Thread"        daemon [_thread_blocked, id=3620, stack(0x00000030f2000000,0x00000030f2100000) (1024K)]
  0x0000019499940720 JavaThread "Thread-0"                          [_thread_blocked, id=8300, stack(0x00000030f1e00000,0x00000030f1f00000) (1024K)]
  0x000001949983bf00 JavaThread "restartedMain"                     [_thread_in_vm, id=12760, stack(0x00000030f2400000,0x00000030f2500000) (1024K)]
  0x0000019499ddc550 JavaThread "background-preinit"                [_thread_in_vm, id=14100, stack(0x00000030f2500000,0x00000030f2600000) (1024K)]
Total: 15

Other Threads:
  0x0000019453acdfa0 VMThread "VM Thread"                           [id=16524, stack(0x00000030f1400000,0x00000030f1500000) (1024K)]
  0x0000019453ab6050 WatcherThread "VM Periodic Task Thread"        [id=13476, stack(0x00000030f1300000,0x00000030f1400000) (1024K)]
  0x0000019437b94750 WorkerThread "GC Thread#0"                     [id=21128, stack(0x00000030f0e00000,0x00000030f0f00000) (1024K)]
  0x0000019499780540 WorkerThread "GC Thread#1"                     [id=17644, stack(0x00000030f2100000,0x00000030f2200000) (1024K)]
  0x000001949993ffe0 WorkerThread "GC Thread#2"                     [id=4036, stack(0x00000030f2200000,0x00000030f2300000) (1024K)]
  0x0000019499940380 WorkerThread "GC Thread#3"                     [id=17552, stack(0x00000030f2300000,0x00000030f2400000) (1024K)]
  0x0000019437ba55c0 ConcurrentGCThread "G1 Main Marker"            [id=15472, stack(0x00000030f0f00000,0x00000030f1000000) (1024K)]
  0x0000019437ba6270 WorkerThread "G1 Conc#0"                       [id=21124, stack(0x00000030f1000000,0x00000030f1100000) (1024K)]
  0x0000019437bfea00 ConcurrentGCThread "G1 Refine#0"               [id=19604, stack(0x00000030f1100000,0x00000030f1200000) (1024K)]
  0x0000019453988740 ConcurrentGCThread "G1 Service"                [id=17296, stack(0x00000030f1200000,0x00000030f1300000) (1024K)]
Total: 10

Threads with active compile tasks:
C2 CompilerThread0     2464 2082       4       java.lang.invoke.MethodType::methodType (69 bytes)
Total: 1

VM state: not at safepoint (normal execution)

VM Mutex/Monitor currently owned by a thread:  ([mutex/lock_event])
[0x00007ff8d05cace8] Metaspace_lock - owner thread: 0x0000019499ddc550

Heap address: 0x0000000084c00000, size: 1972 MB, Compressed Oops mode: 32-bit

CDS archive(s) mapped at: [0x0000019454000000-0x0000019454c90000-0x0000019454c90000), size 13172736, SharedBaseAddress: 0x0000019454000000, ArchiveRelocationMode: 1.
Compressed class space mapped at: 0x0000019455000000-0x0000019495000000, reserved size: 1073741824
Narrow klass base: 0x0000019454000000, Narrow klass shift: 0, Narrow klass range: 0x100000000

GC Precious Log:
 CardTable entry size: 512
 Card Set container configuration: InlinePtr #cards 5 size 8 Array Of Cards #cards 12 size 40 Howl #buckets 4 coarsen threshold 1843 Howl Bitmap #cards 512 size 80 coarsen threshold 460 Card regions per heap region 1 cards per card region 2048
 CPUs: 4 total, 4 available
 Memory: 7886M
 Large Page Support: Disabled
 NUMA Support: Disabled
 Compressed Oops: Enabled (32-bit)
 Heap Region Size: 1M
 Heap Min Capacity: 8M
 Heap Initial Capacity: 124M
 Heap Max Capacity: 1972M
 Pre-touch: Disabled
 Parallel Workers: 4
 Concurrent Workers: 1
 Concurrent Refinement Workers: 4
 Periodic GC: Disabled

Heap:
 garbage-first heap   total 126976K, used 38815K [0x0000000084c00000, 0x0000000100000000)
  region size 1024K, 34 young (34816K), 2 survivors (2048K)
 Metaspace       used 15702K, committed 16064K, reserved 1114112K
  class space    used 1915K, committed 2048K, reserved 1048576K

Heap Regions: E=young(eden), S=young(survivor), O=old, HS=humongous(starts), HC=humongous(continues), CS=collection set, F=free, TAMS=top-at-mark-start, PB=parsable bottom
|   0|0x0000000084c00000, 0x0000000084d00000, 0x0000000084d00000|100%|HS|  |TAMS 0x0000000084c00000| PB 0x0000000084c00000| Complete 
|   1|0x0000000084d00000, 0x0000000084e00000, 0x0000000084e00000|100%|HS|  |TAMS 0x0000000084d00000| PB 0x0000000084d00000| Complete 
|   2|0x0000000084e00000, 0x0000000084f00000, 0x0000000084f00000|100%| O|  |TAMS 0x0000000084e00000| PB 0x0000000084e00000| Untracked 
|   3|0x0000000084f00000, 0x0000000085000000, 0x0000000085000000|100%| O|  |TAMS 0x0000000084f00000| PB 0x0000000084f00000| Untracked 
|   4|0x0000000085000000, 0x0000000085100000, 0x0000000085100000|100%| O|  |TAMS 0x0000000085000000| PB 0x0000000085000000| Untracked 
|   5|0x0000000085100000, 0x0000000085200000, 0x0000000085200000|100%| O|  |TAMS 0x0000000085100000| PB 0x0000000085100000| Untracked 
|   6|0x0000000085200000, 0x00000000852cd298, 0x0000000085300000| 80%| O|  |TAMS 0x0000000085200000| PB 0x0000000085200000| Untracked 
|   7|0x0000000085300000, 0x0000000085300000, 0x0000000085400000|  0%| F|  |TAMS 0x0000000085300000| PB 0x0000000085300000| Untracked 
|   8|0x0000000085400000, 0x0000000085400000, 0x0000000085500000|  0%| F|  |TAMS 0x0000000085400000| PB 0x0000000085400000| Untracked 
|   9|0x0000000085500000, 0x0000000085500000, 0x0000000085600000|  0%| F|  |TAMS 0x0000000085500000| PB 0x0000000085500000| Untracked 
|  10|0x0000000085600000, 0x0000000085600000, 0x0000000085700000|  0%| F|  |TAMS 0x0000000085600000| PB 0x0000000085600000| Untracked 
|  11|0x0000000085700000, 0x0000000085700000, 0x0000000085800000|  0%| F|  |TAMS 0x0000000085700000| PB 0x0000000085700000| Untracked 
|  12|0x0000000085800000, 0x0000000085800000, 0x0000000085900000|  0%| F|  |TAMS 0x0000000085800000| PB 0x0000000085800000| Untracked 
|  13|0x0000000085900000, 0x0000000085900000, 0x0000000085a00000|  0%| F|  |TAMS 0x0000000085900000| PB 0x0000000085900000| Untracked 
|  14|0x0000000085a00000, 0x0000000085a00000, 0x0000000085b00000|  0%| F|  |TAMS 0x0000000085a00000| PB 0x0000000085a00000| Untracked 
|  15|0x0000000085b00000, 0x0000000085b00000, 0x0000000085c00000|  0%| F|  |TAMS 0x0000000085b00000| PB 0x0000000085b00000| Untracked 
|  16|0x0000000085c00000, 0x0000000085c00000, 0x0000000085d00000|  0%| F|  |TAMS 0x0000000085c00000| PB 0x0000000085c00000| Untracked 
|  17|0x0000000085d00000, 0x0000000085d00000, 0x0000000085e00000|  0%| F|  |TAMS 0x0000000085d00000| PB 0x0000000085d00000| Untracked 
|  18|0x0000000085e00000, 0x0000000085e00000, 0x0000000085f00000|  0%| F|  |TAMS 0x0000000085e00000| PB 0x0000000085e00000| Untracked 
|  19|0x0000000085f00000, 0x0000000085f00000, 0x0000000086000000|  0%| F|  |TAMS 0x0000000085f00000| PB 0x0000000085f00000| Untracked 
|  20|0x0000000086000000, 0x0000000086000000, 0x0000000086100000|  0%| F|  |TAMS 0x0000000086000000| PB 0x0000000086000000| Untracked 
|  21|0x0000000086100000, 0x0000000086100000, 0x0000000086200000|  0%| F|  |TAMS 0x0000000086100000| PB 0x0000000086100000| Untracked 
|  22|0x0000000086200000, 0x0000000086200000, 0x0000000086300000|  0%| F|  |TAMS 0x0000000086200000| PB 0x0000000086200000| Untracked 
|  23|0x0000000086300000, 0x0000000086300000, 0x0000000086400000|  0%| F|  |TAMS 0x0000000086300000| PB 0x0000000086300000| Untracked 
|  24|0x0000000086400000, 0x0000000086400000, 0x0000000086500000|  0%| F|  |TAMS 0x0000000086400000| PB 0x0000000086400000| Untracked 
|  25|0x0000000086500000, 0x0000000086500000, 0x0000000086600000|  0%| F|  |TAMS 0x0000000086500000| PB 0x0000000086500000| Untracked 
|  26|0x0000000086600000, 0x0000000086600000, 0x0000000086700000|  0%| F|  |TAMS 0x0000000086600000| PB 0x0000000086600000| Untracked 
|  27|0x0000000086700000, 0x0000000086700000, 0x0000000086800000|  0%| F|  |TAMS 0x0000000086700000| PB 0x0000000086700000| Untracked 
|  28|0x0000000086800000, 0x0000000086800000, 0x0000000086900000|  0%| F|  |TAMS 0x0000000086800000| PB 0x0000000086800000| Untracked 
|  29|0x0000000086900000, 0x0000000086900000, 0x0000000086a00000|  0%| F|  |TAMS 0x0000000086900000| PB 0x0000000086900000| Untracked 
|  30|0x0000000086a00000, 0x0000000086a00000, 0x0000000086b00000|  0%| F|  |TAMS 0x0000000086a00000| PB 0x0000000086a00000| Untracked 
|  31|0x0000000086b00000, 0x0000000086b00000, 0x0000000086c00000|  0%| F|  |TAMS 0x0000000086b00000| PB 0x0000000086b00000| Untracked 
|  32|0x0000000086c00000, 0x0000000086c00000, 0x0000000086d00000|  0%| F|  |TAMS 0x0000000086c00000| PB 0x0000000086c00000| Untracked 
|  33|0x0000000086d00000, 0x0000000086d00000, 0x0000000086e00000|  0%| F|  |TAMS 0x0000000086d00000| PB 0x0000000086d00000| Untracked 
|  34|0x0000000086e00000, 0x0000000086e00000, 0x0000000086f00000|  0%| F|  |TAMS 0x0000000086e00000| PB 0x0000000086e00000| Untracked 
|  35|0x0000000086f00000, 0x0000000086f00000, 0x0000000087000000|  0%| F|  |TAMS 0x0000000086f00000| PB 0x0000000086f00000| Untracked 
|  36|0x0000000087000000, 0x0000000087000000, 0x0000000087100000|  0%| F|  |TAMS 0x0000000087000000| PB 0x0000000087000000| Untracked 
|  37|0x0000000087100000, 0x0000000087100000, 0x0000000087200000|  0%| F|  |TAMS 0x0000000087100000| PB 0x0000000087100000| Untracked 
|  38|0x0000000087200000, 0x0000000087200000, 0x0000000087300000|  0%| F|  |TAMS 0x0000000087200000| PB 0x0000000087200000| Untracked 
|  39|0x0000000087300000, 0x0000000087300000, 0x0000000087400000|  0%| F|  |TAMS 0x0000000087300000| PB 0x0000000087300000| Untracked 
|  40|0x0000000087400000, 0x0000000087400000, 0x0000000087500000|  0%| F|  |TAMS 0x0000000087400000| PB 0x0000000087400000| Untracked 
|  41|0x0000000087500000, 0x0000000087500000, 0x0000000087600000|  0%| F|  |TAMS 0x0000000087500000| PB 0x0000000087500000| Untracked 
|  42|0x0000000087600000, 0x0000000087600000, 0x0000000087700000|  0%| F|  |TAMS 0x0000000087600000| PB 0x0000000087600000| Untracked 
|  43|0x0000000087700000, 0x0000000087700000, 0x0000000087800000|  0%| F|  |TAMS 0x0000000087700000| PB 0x0000000087700000| Untracked 
|  44|0x0000000087800000, 0x0000000087800000, 0x0000000087900000|  0%| F|  |TAMS 0x0000000087800000| PB 0x0000000087800000| Untracked 
|  45|0x0000000087900000, 0x0000000087900000, 0x0000000087a00000|  0%| F|  |TAMS 0x0000000087900000| PB 0x0000000087900000| Untracked 
|  46|0x0000000087a00000, 0x0000000087a00000, 0x0000000087b00000|  0%| F|  |TAMS 0x0000000087a00000| PB 0x0000000087a00000| Untracked 
|  47|0x0000000087b00000, 0x0000000087b00000, 0x0000000087c00000|  0%| F|  |TAMS 0x0000000087b00000| PB 0x0000000087b00000| Untracked 
|  48|0x0000000087c00000, 0x0000000087c00000, 0x0000000087d00000|  0%| F|  |TAMS 0x0000000087c00000| PB 0x0000000087c00000| Untracked 
|  49|0x0000000087d00000, 0x0000000087d00000, 0x0000000087e00000|  0%| F|  |TAMS 0x0000000087d00000| PB 0x0000000087d00000| Untracked 
|  50|0x0000000087e00000, 0x0000000087e00000, 0x0000000087f00000|  0%| F|  |TAMS 0x0000000087e00000| PB 0x0000000087e00000| Untracked 
|  51|0x0000000087f00000, 0x0000000087f00000, 0x0000000088000000|  0%| F|  |TAMS 0x0000000087f00000| PB 0x0000000087f00000| Untracked 
|  52|0x0000000088000000, 0x0000000088000000, 0x0000000088100000|  0%| F|  |TAMS 0x0000000088000000| PB 0x0000000088000000| Untracked 
|  53|0x0000000088100000, 0x0000000088100000, 0x0000000088200000|  0%| F|  |TAMS 0x0000000088100000| PB 0x0000000088100000| Untracked 
|  54|0x0000000088200000, 0x0000000088200000, 0x0000000088300000|  0%| F|  |TAMS 0x0000000088200000| PB 0x0000000088200000| Untracked 
|  55|0x0000000088300000, 0x0000000088300000, 0x0000000088400000|  0%| F|  |TAMS 0x0000000088300000| PB 0x0000000088300000| Untracked 
|  56|0x0000000088400000, 0x0000000088400000, 0x0000000088500000|  0%| F|  |TAMS 0x0000000088400000| PB 0x0000000088400000| Untracked 
|  57|0x0000000088500000, 0x0000000088500000, 0x0000000088600000|  0%| F|  |TAMS 0x0000000088500000| PB 0x0000000088500000| Untracked 
|  58|0x0000000088600000, 0x0000000088600000, 0x0000000088700000|  0%| F|  |TAMS 0x0000000088600000| PB 0x0000000088600000| Untracked 
|  59|0x0000000088700000, 0x0000000088700000, 0x0000000088800000|  0%| F|  |TAMS 0x0000000088700000| PB 0x0000000088700000| Untracked 
|  60|0x0000000088800000, 0x0000000088800000, 0x0000000088900000|  0%| F|  |TAMS 0x0000000088800000| PB 0x0000000088800000| Untracked 
|  61|0x0000000088900000, 0x0000000088900000, 0x0000000088a00000|  0%| F|  |TAMS 0x0000000088900000| PB 0x0000000088900000| Untracked 
|  62|0x0000000088a00000, 0x0000000088a00000, 0x0000000088b00000|  0%| F|  |TAMS 0x0000000088a00000| PB 0x0000000088a00000| Untracked 
|  63|0x0000000088b00000, 0x0000000088b00000, 0x0000000088c00000|  0%| F|  |TAMS 0x0000000088b00000| PB 0x0000000088b00000| Untracked 
|  64|0x0000000088c00000, 0x0000000088c00000, 0x0000000088d00000|  0%| F|  |TAMS 0x0000000088c00000| PB 0x0000000088c00000| Untracked 
|  65|0x0000000088d00000, 0x0000000088d00000, 0x0000000088e00000|  0%| F|  |TAMS 0x0000000088d00000| PB 0x0000000088d00000| Untracked 
|  66|0x0000000088e00000, 0x0000000088e00000, 0x0000000088f00000|  0%| F|  |TAMS 0x0000000088e00000| PB 0x0000000088e00000| Untracked 
|  67|0x0000000088f00000, 0x0000000088f00000, 0x0000000089000000|  0%| F|  |TAMS 0x0000000088f00000| PB 0x0000000088f00000| Untracked 
|  68|0x0000000089000000, 0x0000000089000000, 0x0000000089100000|  0%| F|  |TAMS 0x0000000089000000| PB 0x0000000089000000| Untracked 
|  69|0x0000000089100000, 0x0000000089100000, 0x0000000089200000|  0%| F|  |TAMS 0x0000000089100000| PB 0x0000000089100000| Untracked 
|  70|0x0000000089200000, 0x0000000089200000, 0x0000000089300000|  0%| F|  |TAMS 0x0000000089200000| PB 0x0000000089200000| Untracked 
|  71|0x0000000089300000, 0x0000000089300000, 0x0000000089400000|  0%| F|  |TAMS 0x0000000089300000| PB 0x0000000089300000| Untracked 
|  72|0x0000000089400000, 0x0000000089400000, 0x0000000089500000|  0%| F|  |TAMS 0x0000000089400000| PB 0x0000000089400000| Untracked 
|  73|0x0000000089500000, 0x0000000089500000, 0x0000000089600000|  0%| F|  |TAMS 0x0000000089500000| PB 0x0000000089500000| Untracked 
|  74|0x0000000089600000, 0x0000000089600000, 0x0000000089700000|  0%| F|  |TAMS 0x0000000089600000| PB 0x0000000089600000| Untracked 
|  75|0x0000000089700000, 0x0000000089700000, 0x0000000089800000|  0%| F|  |TAMS 0x0000000089700000| PB 0x0000000089700000| Untracked 
|  76|0x0000000089800000, 0x0000000089800000, 0x0000000089900000|  0%| F|  |TAMS 0x0000000089800000| PB 0x0000000089800000| Untracked 
|  77|0x0000000089900000, 0x0000000089900000, 0x0000000089a00000|  0%| F|  |TAMS 0x0000000089900000| PB 0x0000000089900000| Untracked 
|  78|0x0000000089a00000, 0x0000000089a00000, 0x0000000089b00000|  0%| F|  |TAMS 0x0000000089a00000| PB 0x0000000089a00000| Untracked 
|  79|0x0000000089b00000, 0x0000000089b00000, 0x0000000089c00000|  0%| F|  |TAMS 0x0000000089b00000| PB 0x0000000089b00000| Untracked 
|  80|0x0000000089c00000, 0x0000000089c00000, 0x0000000089d00000|  0%| F|  |TAMS 0x0000000089c00000| PB 0x0000000089c00000| Untracked 
|  81|0x0000000089d00000, 0x0000000089d00000, 0x0000000089e00000|  0%| F|  |TAMS 0x0000000089d00000| PB 0x0000000089d00000| Untracked 
|  82|0x0000000089e00000, 0x0000000089e00000, 0x0000000089f00000|  0%| F|  |TAMS 0x0000000089e00000| PB 0x0000000089e00000| Untracked 
|  83|0x0000000089f00000, 0x0000000089f00000, 0x000000008a000000|  0%| F|  |TAMS 0x0000000089f00000| PB 0x0000000089f00000| Untracked 
|  84|0x000000008a000000, 0x000000008a000000, 0x000000008a100000|  0%| F|  |TAMS 0x000000008a000000| PB 0x000000008a000000| Untracked 
|  85|0x000000008a100000, 0x000000008a100000, 0x000000008a200000|  0%| F|  |TAMS 0x000000008a100000| PB 0x000000008a100000| Untracked 
|  86|0x000000008a200000, 0x000000008a200000, 0x000000008a300000|  0%| F|  |TAMS 0x000000008a200000| PB 0x000000008a200000| Untracked 
|  87|0x000000008a300000, 0x000000008a300000, 0x000000008a400000|  0%| F|  |TAMS 0x000000008a300000| PB 0x000000008a300000| Untracked 
|  88|0x000000008a400000, 0x000000008a400000, 0x000000008a500000|  0%| F|  |TAMS 0x000000008a400000| PB 0x000000008a400000| Untracked 
|  89|0x000000008a500000, 0x000000008a500000, 0x000000008a600000|  0%| F|  |TAMS 0x000000008a500000| PB 0x000000008a500000| Untracked 
|  90|0x000000008a600000, 0x000000008a6de408, 0x000000008a700000| 86%| E|  |TAMS 0x000000008a600000| PB 0x000000008a600000| Complete 
|  91|0x000000008a700000, 0x000000008a800000, 0x000000008a800000|100%| E|CS|TAMS 0x000000008a700000| PB 0x000000008a700000| Complete 
|  92|0x000000008a800000, 0x000000008a900000, 0x000000008a900000|100%| E|CS|TAMS 0x000000008a800000| PB 0x000000008a800000| Complete 
|  93|0x000000008a900000, 0x000000008aa00000, 0x000000008aa00000|100%| E|CS|TAMS 0x000000008a900000| PB 0x000000008a900000| Complete 
|  94|0x000000008aa00000, 0x000000008ab00000, 0x000000008ab00000|100%| E|  |TAMS 0x000000008aa00000| PB 0x000000008aa00000| Complete 
|  95|0x000000008ab00000, 0x000000008ac00000, 0x000000008ac00000|100%| E|CS|TAMS 0x000000008ab00000| PB 0x000000008ab00000| Complete 
|  96|0x000000008ac00000, 0x000000008ad00000, 0x000000008ad00000|100%| E|CS|TAMS 0x000000008ac00000| PB 0x000000008ac00000| Complete 
|  97|0x000000008ad00000, 0x000000008ae00000, 0x000000008ae00000|100%| E|CS|TAMS 0x000000008ad00000| PB 0x000000008ad00000| Complete 
|  98|0x000000008ae00000, 0x000000008af00000, 0x000000008af00000|100%| E|CS|TAMS 0x000000008ae00000| PB 0x000000008ae00000| Complete 
|  99|0x000000008af00000, 0x000000008b000000, 0x000000008b000000|100%| E|CS|TAMS 0x000000008af00000| PB 0x000000008af00000| Complete 
| 100|0x000000008b000000, 0x000000008b100000, 0x000000008b100000|100%| E|CS|TAMS 0x000000008b000000| PB 0x000000008b000000| Complete 
| 101|0x000000008b100000, 0x000000008b200000, 0x000000008b200000|100%| E|CS|TAMS 0x000000008b100000| PB 0x000000008b100000| Complete 
| 102|0x000000008b200000, 0x000000008b300000, 0x000000008b300000|100%| E|CS|TAMS 0x000000008b200000| PB 0x000000008b200000| Complete 
| 103|0x000000008b300000, 0x000000008b400000, 0x000000008b400000|100%| E|CS|TAMS 0x000000008b300000| PB 0x000000008b300000| Complete 
| 104|0x000000008b400000, 0x000000008b500000, 0x000000008b500000|100%| E|CS|TAMS 0x000000008b400000| PB 0x000000008b400000| Complete 
| 105|0x000000008b500000, 0x000000008b600000, 0x000000008b600000|100%| E|CS|TAMS 0x000000008b500000| PB 0x000000008b500000| Complete 
| 106|0x000000008b600000, 0x000000008b61aa48, 0x000000008b700000| 10%| S|CS|TAMS 0x000000008b600000| PB 0x000000008b600000| Complete 
| 107|0x000000008b700000, 0x000000008b800000, 0x000000008b800000|100%| S|CS|TAMS 0x000000008b700000| PB 0x000000008b700000| Complete 
| 108|0x000000008b800000, 0x000000008b900000, 0x000000008b900000|100%| E|CS|TAMS 0x000000008b800000| PB 0x000000008b800000| Complete 
| 109|0x000000008b900000, 0x000000008ba00000, 0x000000008ba00000|100%| E|CS|TAMS 0x000000008b900000| PB 0x000000008b900000| Complete 
| 110|0x000000008ba00000, 0x000000008bb00000, 0x000000008bb00000|100%| E|CS|TAMS 0x000000008ba00000| PB 0x000000008ba00000| Complete 
| 111|0x000000008bb00000, 0x000000008bc00000, 0x000000008bc00000|100%| E|CS|TAMS 0x000000008bb00000| PB 0x000000008bb00000| Complete 
| 112|0x000000008bc00000, 0x000000008bd00000, 0x000000008bd00000|100%| E|CS|TAMS 0x000000008bc00000| PB 0x000000008bc00000| Complete 
| 113|0x000000008bd00000, 0x000000008be00000, 0x000000008be00000|100%| E|CS|TAMS 0x000000008bd00000| PB 0x000000008bd00000| Complete 
| 114|0x000000008be00000, 0x000000008bf00000, 0x000000008bf00000|100%| E|CS|TAMS 0x000000008be00000| PB 0x000000008be00000| Complete 
| 115|0x000000008bf00000, 0x000000008c000000, 0x000000008c000000|100%| E|CS|TAMS 0x000000008bf00000| PB 0x000000008bf00000| Complete 
| 116|0x000000008c000000, 0x000000008c100000, 0x000000008c100000|100%| E|CS|TAMS 0x000000008c000000| PB 0x000000008c000000| Complete 
| 117|0x000000008c100000, 0x000000008c200000, 0x000000008c200000|100%| E|CS|TAMS 0x000000008c100000| PB 0x000000008c100000| Complete 
| 118|0x000000008c200000, 0x000000008c300000, 0x000000008c300000|100%| E|CS|TAMS 0x000000008c200000| PB 0x000000008c200000| Complete 
| 119|0x000000008c300000, 0x000000008c400000, 0x000000008c400000|100%| E|CS|TAMS 0x000000008c300000| PB 0x000000008c300000| Complete 
| 120|0x000000008c400000, 0x000000008c500000, 0x000000008c500000|100%| E|CS|TAMS 0x000000008c400000| PB 0x000000008c400000| Complete 
| 121|0x000000008c500000, 0x000000008c600000, 0x000000008c600000|100%| E|CS|TAMS 0x000000008c500000| PB 0x000000008c500000| Complete 
| 122|0x000000008c600000, 0x000000008c700000, 0x000000008c700000|100%| E|CS|TAMS 0x000000008c600000| PB 0x000000008c600000| Complete 
| 123|0x000000008c700000, 0x000000008c800000, 0x000000008c800000|100%| E|CS|TAMS 0x000000008c700000| PB 0x000000008c700000| Complete 

Card table byte_map: [0x000001944f380000,0x000001944f760000] _byte_map_base: 0x000001944ef5a000

Marking Bits: (CMBitMap*) 0x0000019437b95660
 Bits: [0x000001944f760000, 0x0000019451630000)

Polling page: 0x0000019437300000

Metaspace:

Usage:
  Non-class:     13.46 MB used.
      Class:      1.87 MB used.
       Both:     15.33 MB used.

Virtual space:
  Non-class space:       64.00 MB reserved,      13.69 MB ( 21%) committed,  1 nodes.
      Class space:        1.00 GB reserved,       2.00 MB ( <1%) committed,  1 nodes.
             Both:        1.06 GB reserved,      15.69 MB (  1%) committed. 

Chunk freelists:
   Non-Class:  2.16 MB
       Class:  13.92 MB
        Both:  16.08 MB

MaxMetaspaceSize: unlimited
CompressedClassSpaceSize: 1.00 GB
Initial GC threshold: 21.00 MB
Current GC threshold: 21.00 MB
CDS: on
 - commit_granule_bytes: 65536.
 - commit_granule_words: 8192.
 - virtual_space_node_default_size: 8388608.
 - enlarge_chunks_in_place: 1.
 - use_allocation_guard: 0.


Internal statistics:

num_allocs_failed_limit: 0.
num_arena_births: 384.
num_arena_deaths: 0.
num_vsnodes_births: 2.
num_vsnodes_deaths: 0.
num_space_committed: 251.
num_space_uncommitted: 0.
num_chunks_returned_to_freelist: 0.
num_chunks_taken_from_freelist: 931.
num_chunk_merges: 0.
num_chunk_splits: 606.
num_chunks_enlarged: 396.
num_inconsistent_stats: 0.

CodeHeap 'non-profiled nmethods': size=120000Kb used=754Kb max_used=754Kb free=119245Kb
 bounds [0x0000019447a70000, 0x0000019447ce0000, 0x000001944efa0000]
CodeHeap 'profiled nmethods': size=120000Kb used=3942Kb max_used=3942Kb free=116057Kb
 bounds [0x000001943ffa0000, 0x0000019440380000, 0x00000194474d0000]
CodeHeap 'non-nmethods': size=5760Kb used=1580Kb max_used=1590Kb free=4180Kb
 bounds [0x00000194474d0000, 0x0000019447740000, 0x0000019447a70000]
 total_blobs=2624 nmethods=2107 adapters=421
 compilation: enabled
              stopped_count=0, restarted_count=0
 full_count=0

Compilation events (20 events):
Event: 2.404 Thread 0x0000019453afc010 2100       3       java.lang.CharacterDataLatin1::isUpperCase (16 bytes)
Event: 2.404 Thread 0x0000019453afc010 nmethod 2100 0x0000019440370510 code [0x00000194403706c0, 0x00000194403708d0]
Event: 2.420 Thread 0x0000019453afc010 2101       3       java.lang.String::toCharArray (25 bytes)
Event: 2.420 Thread 0x0000019453afc010 nmethod 2101 0x0000019440370a10 code [0x0000019440370be0, 0x0000019440370e88]
Event: 2.422 Thread 0x0000019453afc010 2102       3       java.lang.invoke.LambdaForm$MH/0x0000019455001800::invoke (25 bytes)
Event: 2.423 Thread 0x0000019453afc010 nmethod 2102 0x0000019440370f90 code [0x0000019440371160, 0x0000019440371680]
Event: 2.423 Thread 0x0000019453afc010 2103       3       org.springframework.core.ResolvableType::getInterfaces (80 bytes)
Event: 2.423 Thread 0x0000019453afc010 nmethod 2103 0x0000019440371790 code [0x0000019440371a20, 0x00000194403728e8]
Event: 2.430 Thread 0x0000019453afc010 2104       2       java.util.HashMap::getNode (150 bytes)
Event: 2.430 Thread 0x0000019453afc010 nmethod 2104 0x0000019440372d10 code [0x0000019440372f20, 0x00000194403733c8]
Event: 2.431 Thread 0x0000019453afc010 2105       3       java.lang.invoke.InnerClassLambdaMetafactory::generateConstructor (154 bytes)
Event: 2.432 Thread 0x0000019453afc010 nmethod 2105 0x0000019440373610 code [0x0000019440373900, 0x0000019440374888]
Event: 2.432 Thread 0x0000019453afc010 2106       3       java.lang.invoke.InnerClassLambdaMetafactory$ForwardingMethodGenerator::generate (272 bytes)
Event: 2.434 Thread 0x0000019453afc010 nmethod 2106 0x0000019440374e10 code [0x00000194403751c0, 0x0000019440376df8]
Event: 2.434 Thread 0x0000019453afc010 2107       3       java.lang.invoke.InnerClassLambdaMetafactory$ForwardingMethodGenerator::convertArgumentTypes (96 bytes)
Event: 2.434 Thread 0x0000019453afc010 nmethod 2107 0x0000019440377690 code [0x00000194403778e0, 0x0000019440378328]
Event: 2.434 Thread 0x0000019453afc010 2108       3       java.lang.invoke.InnerClassLambdaMetafactory$ForwardingMethodGenerator::invocationOpcode (104 bytes)
Event: 2.435 Thread 0x0000019453afc010 nmethod 2108 0x0000019440378890 code [0x0000019440378ae0, 0x0000019440379260]
Event: 2.435 Thread 0x0000019453afc010 2109       3       java.lang.invoke.InnerClassLambdaMetafactory::getReturnOpcode (20 bytes)
Event: 2.435 Thread 0x0000019453afc010 nmethod 2109 0x0000019440379510 code [0x00000194403796c0, 0x0000019440379848]

GC Heap History (4 events):
Event: 0.808 GC heap before
{Heap before GC invocations=0 (full 0):
 garbage-first heap   total 126976K, used 14336K [0x0000000084c00000, 0x0000000100000000)
  region size 1024K, 13 young (13312K), 0 survivors (0K)
 Metaspace       used 3276K, committed 3456K, reserved 1114112K
  class space    used 342K, committed 448K, reserved 1048576K
}
Event: 0.815 GC heap after
{Heap after GC invocations=1 (full 0):
 garbage-first heap   total 126976K, used 6984K [0x0000000084c00000, 0x0000000100000000)
  region size 1024K, 2 young (2048K), 2 survivors (2048K)
 Metaspace       used 3276K, committed 3456K, reserved 1114112K
  class space    used 342K, committed 448K, reserved 1048576K
}
Event: 1.298 GC heap before
{Heap before GC invocations=1 (full 0):
 garbage-first heap   total 126976K, used 21320K [0x0000000084c00000, 0x0000000100000000)
  region size 1024K, 16 young (16384K), 2 survivors (2048K)
 Metaspace       used 7020K, committed 7296K, reserved 1114112K
  class space    used 828K, committed 960K, reserved 1048576K
}
Event: 1.301 GC heap after
{Heap after GC invocations=2 (full 0):
 garbage-first heap   total 126976K, used 8095K [0x0000000084c00000, 0x0000000100000000)
  region size 1024K, 2 young (2048K), 2 survivors (2048K)
 Metaspace       used 7020K, committed 7296K, reserved 1114112K
  class space    used 828K, committed 960K, reserved 1048576K
}

Dll operation events (12 events):
Event: 0.032 Loaded shared library C:\Program Files\Java\jdk-21\bin\java.dll
Event: 0.085 Loaded shared library C:\Program Files\Java\jdk-21\bin\jsvml.dll
Event: 0.205 Loaded shared library C:\Program Files\Java\jdk-21\bin\zip.dll
Event: 0.218 Loaded shared library C:\Program Files\Java\jdk-21\bin\instrument.dll
Event: 0.224 Loaded shared library C:\Program Files\Java\jdk-21\bin\net.dll
Event: 0.231 Loaded shared library C:\Program Files\Java\jdk-21\bin\nio.dll
Event: 0.236 Loaded shared library C:\Program Files\Java\jdk-21\bin\zip.dll
Event: 0.451 Loaded shared library C:\Program Files\JetBrains\IntelliJ IDEA Community Edition 2024.1\bin\breakgen64.dll
Event: 0.466 Loaded shared library C:\Program Files\Java\jdk-21\bin\extnet.dll
Event: 0.541 Loaded shared library C:\Program Files\Java\jdk-21\bin\jimage.dll
Event: 0.924 Loaded shared library C:\Program Files\Java\jdk-21\bin\management.dll
Event: 0.934 Loaded shared library C:\Program Files\Java\jdk-21\bin\management_ext.dll

Deoptimization events (20 events):
Event: 1.995 Thread 0x0000019499ddc550 Uncommon trap: trap_request=0xffffff45 fr.pc=0x0000019447a8dc90 relative=0x00000000000004b0
Event: 1.995 Thread 0x0000019499ddc550 Uncommon trap: reason=unstable_if action=reinterpret pc=0x0000019447a8dc90 method=java.lang.AbstractStringBuilder.isLatin1()Z @ 10 c2
Event: 1.996 Thread 0x0000019499ddc550 DEOPT PACKING pc=0x0000019447a8dc90 sp=0x00000030f25fd600
Event: 1.996 Thread 0x0000019499ddc550 DEOPT UNPACKING pc=0x0000019447527da2 sp=0x00000030f25fd590 mode 2
Event: 1.996 Thread 0x0000019499ddc550 Uncommon trap: trap_request=0xffffff45 fr.pc=0x0000019447a8800c relative=0x000000000000006c
Event: 1.996 Thread 0x0000019499ddc550 Uncommon trap: reason=unstable_if action=reinterpret pc=0x0000019447a8800c method=java.lang.AbstractStringBuilder.isLatin1()Z @ 10 c2
Event: 1.996 Thread 0x0000019499ddc550 DEOPT PACKING pc=0x0000019447a8800c sp=0x00000030f25fd600
Event: 1.996 Thread 0x0000019499ddc550 DEOPT UNPACKING pc=0x0000019447527da2 sp=0x00000030f25fd590 mode 2
Event: 1.999 Thread 0x0000019499ddc550 Uncommon trap: trap_request=0xffffff45 fr.pc=0x0000019447adfaf4 relative=0x0000000000000054
Event: 1.999 Thread 0x0000019499ddc550 Uncommon trap: reason=unstable_if action=reinterpret pc=0x0000019447adfaf4 method=java.lang.CharacterData.of(I)Ljava/lang/CharacterData; @ 4 c2
Event: 1.999 Thread 0x0000019499ddc550 DEOPT PACKING pc=0x0000019447adfaf4 sp=0x00000030f25fcd80
Event: 1.999 Thread 0x0000019499ddc550 DEOPT UNPACKING pc=0x0000019447527da2 sp=0x00000030f25fcd18 mode 2
Event: 2.331 Thread 0x000001949983bf00 Uncommon trap: trap_request=0xffffff45 fr.pc=0x0000019447b1c828 relative=0x0000000000000748
Event: 2.331 Thread 0x000001949983bf00 Uncommon trap: reason=unstable_if action=reinterpret pc=0x0000019447b1c828 method=java.util.ArrayList.grow(I)[Ljava/lang/Object; @ 17 c2
Event: 2.331 Thread 0x000001949983bf00 DEOPT PACKING pc=0x0000019447b1c828 sp=0x00000030f24fe510
Event: 2.331 Thread 0x000001949983bf00 DEOPT UNPACKING pc=0x0000019447527da2 sp=0x00000030f24fe3a8 mode 2
Event: 2.401 Thread 0x000001949983bf00 Uncommon trap: trap_request=0xffffffc6 fr.pc=0x0000019447aeebe4 relative=0x0000000000000364
Event: 2.401 Thread 0x000001949983bf00 Uncommon trap: reason=bimorphic_or_optimized_type_check action=maybe_recompile pc=0x0000019447aeebe4 method=java.util.HashMap.getNode(Ljava/lang/Object;)Ljava/util/HashMap$Node; @ 63 c2
Event: 2.401 Thread 0x000001949983bf00 DEOPT PACKING pc=0x0000019447aeebe4 sp=0x00000030f24fdb30
Event: 2.401 Thread 0x000001949983bf00 DEOPT UNPACKING pc=0x0000019447527da2 sp=0x00000030f24fdaa8 mode 2

Classes loaded (20 events):
Event: 2.339 Loading class java/lang/Short$ShortCache
Event: 2.339 Loading class java/lang/Short$ShortCache done
Event: 2.385 Loading class java/util/concurrent/ExecutionException
Event: 2.386 Loading class java/util/concurrent/ExecutionException done
Event: 2.390 Loading class java/beans/IntrospectionException
Event: 2.390 Loading class java/beans/IntrospectionException done
Event: 2.390 Loading class java/beans/PropertyDescriptor
Event: 2.390 Loading class java/beans/PropertyDescriptor done
Event: 2.396 Loading class java/beans/BeanInfo
Event: 2.397 Loading class java/beans/BeanInfo done
Event: 2.402 Loading class java/beans/MethodRef
Event: 2.402 Loading class java/beans/MethodRef done
Event: 2.405 Loading class java/beans/SimpleBeanInfo
Event: 2.406 Loading class java/beans/SimpleBeanInfo done
Event: 2.412 Loading class com/sun/beans/TypeResolver
Event: 2.420 Loading class com/sun/beans/TypeResolver done
Event: 2.420 Loading class com/sun/beans/WeakCache
Event: 2.420 Loading class com/sun/beans/WeakCache done
Event: 2.421 Loading class com/sun/beans/WildcardTypeImpl
Event: 2.422 Loading class com/sun/beans/WildcardTypeImpl done

Classes unloaded (0 events):
No events

Classes redefined (0 events):
No events

Internal exceptions (20 events):
Event: 1.439 Thread 0x000001949983bf00 Exception <a 'java/lang/NoSuchMethodError'{0x000000008c451828}: 'int java.lang.invoke.DirectMethodHandle$Holder.invokeStaticInit(java.lang.Object, float, float)'> (0x000000008c451828) 
thrown [s\open\src\hotspot\share\interpreter\linkResolver.cpp, line 773]
Event: 1.440 Thread 0x000001949983bf00 Exception <a 'java/lang/NoSuchMethodError'{0x000000008c4586e0}: 'int java.lang.invoke.DirectMethodHandle$Holder.invokeStaticInit(java.lang.Object, double, double)'> (0x000000008c4586e0) 
thrown [s\open\src\hotspot\share\interpreter\linkResolver.cpp, line 773]
Event: 1.440 Thread 0x000001949983bf00 Exception <a 'java/lang/NoSuchMethodError'{0x000000008c45ccf8}: 'int java.lang.invoke.DirectMethodHandle$Holder.invokeStatic(java.lang.Object, long)'> (0x000000008c45ccf8) 
thrown [s\open\src\hotspot\share\interpreter\linkResolver.cpp, line 773]
Event: 1.447 Thread 0x000001949983bf00 Exception <a 'java/lang/NoSuchMethodError'{0x000000008c47e810}: 'int java.lang.invoke.Invokers$Holder.linkToTargetMethod(java.lang.Object, java.lang.Object)'> (0x000000008c47e810) 
thrown [s\open\src\hotspot\share\interpreter\linkResolver.cpp, line 773]
Event: 1.471 Thread 0x000001949983bf00 Exception <a 'java/lang/NoSuchMethodError'{0x000000008c4f9080}: 'java.lang.Object java.lang.invoke.DirectMethodHandle$Holder.invokeSpecial(java.lang.Object, java.lang.Object, java.lang.Object, int, java.lang.Object)'> (0x000000008c4f9080) 
thrown [s\open\src\hotspot\share\interpreter\linkResolver.cpp, line 773]
Event: 1.472 Thread 0x000001949983bf00 Exception <a 'java/lang/NoSuchMethodError'{0x000000008c300d00}: 'java.lang.Object java.lang.invoke.DirectMethodHandle$Holder.newInvokeSpecial(java.lang.Object, java.lang.Object, java.lang.Object, int, java.lang.Object)'> (0x000000008c300d00) 
thrown [s\open\src\hotspot\share\interpreter\linkResolver.cpp, line 773]
Event: 1.472 Thread 0x000001949983bf00 Exception <a 'java/lang/NoSuchMethodError'{0x000000008c3081b8}: 'java.lang.Object java.lang.invoke.Invokers$Holder.linkToTargetMethod(java.lang.Object, java.lang.Object, int, java.lang.Object, java.lang.Object)'> (0x000000008c3081b8) 
thrown [s\open\src\hotspot\share\interpreter\linkResolver.cpp, line 773]
Event: 1.474 Thread 0x000001949983bf00 Exception <a 'java/lang/NoSuchMethodError'{0x000000008c316f78}: 'java.lang.Object java.lang.invoke.DirectMethodHandle$Holder.newInvokeSpecial(java.lang.Object, int, java.lang.Object)'> (0x000000008c316f78) 
thrown [s\open\src\hotspot\share\interpreter\linkResolver.cpp, line 773]
Event: 1.474 Thread 0x000001949983bf00 Exception <a 'java/lang/NoSuchMethodError'{0x000000008c31b718}: 'int java.lang.invoke.DirectMethodHandle$Holder.invokeSpecialIFC(java.lang.Object, java.lang.Object, java.lang.Object, java.lang.Object)'> (0x000000008c31b718) 
thrown [s\open\src\hotspot\share\interpreter\linkResolver.cpp, line 773]
Event: 1.516 Thread 0x000001949983bf00 Exception <a 'java/lang/NoSuchMethodError'{0x000000008c3c3b88}: 'void java.lang.invoke.DirectMethodHandle$Holder.invokeInterface(java.lang.Object, java.lang.Object, java.lang.Object)'> (0x000000008c3c3b88) 
thrown [s\open\src\hotspot\share\interpreter\linkResolver.cpp, line 773]
Event: 1.584 Thread 0x000001949983bf00 Exception <a 'java/lang/NoSuchMethodError'{0x000000008c257a48}: 'void java.lang.invoke.DirectMethodHandle$Holder.invokeStaticInit(java.lang.Object, java.lang.Object, java.lang.Object)'> (0x000000008c257a48) 
thrown [s\open\src\hotspot\share\interpreter\linkResolver.cpp, line 773]
Event: 1.600 Thread 0x000001949983bf00 Exception <a 'java/lang/NoSuchMethodError'{0x000000008c28e4a8}: 'java.lang.Object java.lang.invoke.DirectMethodHandle$Holder.invokeStaticInit(java.lang.Object, int)'> (0x000000008c28e4a8) 
thrown [s\open\src\hotspot\share\interpreter\linkResolver.cpp, line 773]
Event: 1.602 Thread 0x000001949983bf00 Exception <a 'java/lang/NoSuchMethodError'{0x000000008c2984d0}: 'java.lang.Object java.lang.invoke.DirectMethodHandle$Holder.invokeStatic(java.lang.Object, int, java.lang.Object)'> (0x000000008c2984d0) 
thrown [s\open\src\hotspot\share\interpreter\linkResolver.cpp, line 773]
Event: 1.602 Thread 0x000001949983bf00 Exception <a 'java/lang/NoSuchMethodError'{0x000000008c29bb20}: 'java.lang.Object java.lang.invoke.DirectMethodHandle$Holder.invokeStaticInit(java.lang.Object, int, java.lang.Object)'> (0x000000008c29bb20) 
thrown [s\open\src\hotspot\share\interpreter\linkResolver.cpp, line 773]
Event: 1.613 Thread 0x000001949983bf00 Exception <a 'java/lang/NoSuchMethodError'{0x000000008c2b91e0}: 'java.lang.Object java.lang.invoke.DirectMethodHandle$Holder.invokeVirtual(java.lang.Object, java.lang.Object, java.lang.Object)'> (0x000000008c2b91e0) 
thrown [s\open\src\hotspot\share\interpreter\linkResolver.cpp, line 773]
Event: 1.648 Thread 0x000001949983bf00 Exception <a 'java/lang/NoSuchMethodError'{0x000000008c16ca68}: 'void java.lang.invoke.DirectMethodHandle$Holder.invokeVirtual(java.lang.Object, java.lang.Object, java.lang.Object, java.lang.Object)'> (0x000000008c16ca68) 
thrown [s\open\src\hotspot\share\interpreter\linkResolver.cpp, line 773]
Event: 1.755 Thread 0x000001949983bf00 Exception <a 'java/lang/NoSuchMethodError'{0x000000008bfa72e8}: 'java.lang.Object java.lang.invoke.Invokers$Holder.invoke_MT(java.lang.Object, java.lang.Object, java.lang.Object, java.lang.Object, java.lang.Object, java.lang.Object, java.lang.Object, java.lang.Object, java.lang.Object)'> (0x000000008bfa72e8) 
thrown [s\open\src\hotspot\share\interpreter\linkResolver.cpp, line 773]
Event: 1.762 Thread 0x0000019499ddc550 Exception <a 'java/lang/NoClassDefFoundError'{0x000000008bfc5a08}: jakarta/validation/Validation> (0x000000008bfc5a08) 
thrown [s\open\src\hotspot\share\classfile\systemDictionary.cpp, line 301]
Event: 1.762 Thread 0x000001949983bf00 Exception <a 'java/lang/NoSuchMethodError'{0x000000008be26b00}: 'java.lang.reflect.Field[] java.lang.Class.getDeclaredFields(java.lang.Class)'> (0x000000008be26b00) 
thrown [s\open\src\hotspot\share\interpreter\linkResolver.cpp, line 773]
Event: 1.777 Thread 0x000001949983bf00 Exception <a 'java/lang/IncompatibleClassChangeError'{0x000000008becec50}: Found class java.lang.Object, but interface was expected> (0x000000008becec50) 
thrown [s\open\src\hotspot\share\interpreter\linkResolver.cpp, line 840]

ZGC Phase Switch (0 events):
No events

VM Operations (20 events):
Event: 0.870 Executing VM operation: HandshakeAllThreads (Deoptimize)
Event: 0.870 Executing VM operation: HandshakeAllThreads (Deoptimize) done
Event: 0.916 Executing VM operation: HandshakeAllThreads (Deoptimize)
Event: 0.916 Executing VM operation: HandshakeAllThreads (Deoptimize) done
Event: 1.101 Executing VM operation: HandshakeAllThreads (Deoptimize)
Event: 1.101 Executing VM operation: HandshakeAllThreads (Deoptimize) done
Event: 1.298 Executing VM operation: G1CollectForAllocation (G1 Evacuation Pause)
Event: 1.301 Executing VM operation: G1CollectForAllocation (G1 Evacuation Pause) done
Event: 1.428 Executing VM operation: HandshakeAllThreads (Deoptimize)
Event: 1.428 Executing VM operation: HandshakeAllThreads (Deoptimize) done
Event: 1.739 Executing VM operation: HandshakeAllThreads (Deoptimize)
Event: 1.739 Executing VM operation: HandshakeAllThreads (Deoptimize) done
Event: 1.744 Executing VM operation: HandshakeAllThreads (Deoptimize)
Event: 1.744 Executing VM operation: HandshakeAllThreads (Deoptimize) done
Event: 1.745 Executing VM operation: HandshakeAllThreads (Deoptimize)
Event: 1.745 Executing VM operation: HandshakeAllThreads (Deoptimize) done
Event: 1.764 Executing VM operation: ICBufferFull
Event: 1.765 Executing VM operation: ICBufferFull done
Event: 2.000 Executing VM operation: HandshakeAllThreads (Deoptimize)
Event: 2.001 Executing VM operation: HandshakeAllThreads (Deoptimize) done

Events (17 events):
Event: 0.057 Thread 0x0000019437b40b30 Thread added: 0x0000019437b40b30
Event: 0.081 Thread 0x0000019453ae9ba0 Thread added: 0x0000019453ae9ba0
Event: 0.082 Thread 0x0000019453aecf70 Thread added: 0x0000019453aecf70
Event: 0.082 Thread 0x0000019453af2df0 Thread added: 0x0000019453af2df0
Event: 0.082 Thread 0x0000019453af3940 Thread added: 0x0000019453af3940
Event: 0.082 Thread 0x0000019453af53b0 Thread added: 0x0000019453af53b0
Event: 0.082 Thread 0x0000019453af5e10 Thread added: 0x0000019453af5e10
Event: 0.082 Thread 0x0000019453af6ba0 Thread added: 0x0000019453af6ba0
Event: 0.083 Thread 0x0000019453afc010 Thread added: 0x0000019453afc010
Event: 0.165 Thread 0x00000194990b38c0 Thread added: 0x00000194990b38c0
Event: 0.277 Thread 0x0000019499269cf0 Thread added: 0x0000019499269cf0
Event: 0.452 Thread 0x00000194992c37d0 Thread added: 0x00000194992c37d0
Event: 0.452 Thread 0x00000194994f95f0 Thread added: 0x00000194994f95f0
Event: 0.859 Thread 0x0000019499269cf0 Thread exited: 0x0000019499269cf0
Event: 0.994 Thread 0x0000019499940720 Thread added: 0x0000019499940720
Event: 1.001 Thread 0x000001949983bf00 Thread added: 0x000001949983bf00
Event: 1.752 Thread 0x0000019499ddc550 Thread added: 0x0000019499ddc550


Dynamic libraries:
0x00007ff7408b0000 - 0x00007ff7408c0000 	C:\Program Files\Java\jdk-21\bin\java.exe
0x00007ff953c70000 - 0x00007ff953e87000 	C:\Windows\SYSTEM32\ntdll.dll
0x00007ff952db0000 - 0x00007ff952e74000 	C:\Windows\System32\KERNEL32.DLL
0x00007ff951330000 - 0x00007ff951702000 	C:\Windows\System32\KERNELBASE.dll
0x00007ff951710000 - 0x00007ff951821000 	C:\Windows\System32\ucrtbase.dll
0x00007ff930440000 - 0x00007ff930459000 	C:\Program Files\Java\jdk-21\bin\jli.dll
0x00007ff953390000 - 0x00007ff953441000 	C:\Windows\System32\ADVAPI32.dll
0x00007ff9523f0000 - 0x00007ff952497000 	C:\Windows\System32\msvcrt.dll
0x00007ff9534f0000 - 0x00007ff953598000 	C:\Windows\System32\sechost.dll
0x00007ff9518d0000 - 0x00007ff9518f8000 	C:\Windows\System32\bcrypt.dll
0x00007ff951a20000 - 0x00007ff951b34000 	C:\Windows\System32\RPCRT4.dll
0x00007ff920210000 - 0x00007ff92022b000 	C:\Program Files\Java\jdk-21\bin\VCRUNTIME140.dll
0x00007ff953a70000 - 0x00007ff953c21000 	C:\Windows\System32\USER32.dll
0x00007ff9390a0000 - 0x00007ff93933b000 	C:\Windows\WinSxS\amd64_microsoft.windows.common-controls_6595b64144ccf1df_6.0.22621.5547_none_27104afb73855772\COMCTL32.dll
0x00007ff951010000 - 0x00007ff951036000 	C:\Windows\System32\win32u.dll
0x00007ff951900000 - 0x00007ff951929000 	C:\Windows\System32\GDI32.dll
0x00007ff951200000 - 0x00007ff951323000 	C:\Windows\System32\gdi32full.dll
0x00007ff951830000 - 0x00007ff9518ca000 	C:\Windows\System32\msvcp_win.dll
0x00007ff94a370000 - 0x00007ff94a37a000 	C:\Windows\SYSTEM32\VERSION.dll
0x00007ff952af0000 - 0x00007ff952b21000 	C:\Windows\System32\IMM32.DLL
0x00007ff936ab0000 - 0x00007ff936abc000 	C:\Program Files\Java\jdk-21\bin\vcruntime140_1.dll
0x00007ff8df980000 - 0x00007ff8dfa0e000 	C:\Program Files\Java\jdk-21\bin\msvcp140.dll
0x00007ff8cf990000 - 0x00007ff8d06a7000 	C:\Program Files\Java\jdk-21\bin\server\jvm.dll
0x00007ff9519a0000 - 0x00007ff951a11000 	C:\Windows\System32\WS2_32.dll
0x00007ff950c30000 - 0x00007ff950c7d000 	C:\Windows\SYSTEM32\POWRPROF.dll
0x00007ff94a790000 - 0x00007ff94a7c4000 	C:\Windows\SYSTEM32\WINMM.dll
0x00007ff950c10000 - 0x00007ff950c23000 	C:\Windows\SYSTEM32\UMPDC.dll
0x00007ff94fd50000 - 0x00007ff94fd68000 	C:\Windows\SYSTEM32\kernel.appcore.dll
0x00007ff930430000 - 0x00007ff93043a000 	C:\Program Files\Java\jdk-21\bin\jimage.dll
0x00007ff94e7c0000 - 0x00007ff94e9f3000 	C:\Windows\SYSTEM32\DBGHELP.DLL
0x00007ff952ff0000 - 0x00007ff953383000 	C:\Windows\System32\combase.dll
0x00007ff952f10000 - 0x00007ff952fe7000 	C:\Windows\System32\OLEAUT32.dll
0x00007ff941e30000 - 0x00007ff941e62000 	C:\Windows\SYSTEM32\dbgcore.DLL
0x00007ff950e20000 - 0x00007ff950e9b000 	C:\Windows\System32\bcryptPrimitives.dll
0x00007ff91d010000 - 0x00007ff91d01f000 	C:\Program Files\Java\jdk-21\bin\instrument.dll
0x00007ff91d660000 - 0x00007ff91d67f000 	C:\Program Files\Java\jdk-21\bin\java.dll
0x00007ff951b40000 - 0x00007ff9523e2000 	C:\Windows\System32\SHELL32.dll
0x00007ff9510c0000 - 0x00007ff9511ff000 	C:\Windows\System32\wintypes.dll
0x00007ff94ec40000 - 0x00007ff94f55d000 	C:\Windows\SYSTEM32\windows.storage.dll
0x00007ff952980000 - 0x00007ff952a8c000 	C:\Windows\System32\SHCORE.dll
0x00007ff951930000 - 0x00007ff951999000 	C:\Windows\System32\shlwapi.dll
0x00007ff950c90000 - 0x00007ff950cbb000 	C:\Windows\SYSTEM32\profapi.dll
0x00007ff8de7e0000 - 0x00007ff8de8b7000 	C:\Program Files\Java\jdk-21\bin\jsvml.dll
0x00007ff911e10000 - 0x00007ff911e28000 	C:\Program Files\Java\jdk-21\bin\zip.dll
0x00007ff923b70000 - 0x00007ff923b80000 	C:\Program Files\Java\jdk-21\bin\net.dll
0x00007ff94d5a0000 - 0x00007ff94d6cc000 	C:\Windows\SYSTEM32\WINHTTP.dll
0x00007ff9501d0000 - 0x00007ff950239000 	C:\Windows\system32\mswsock.dll
0x00007ff91cc80000 - 0x00007ff91cc96000 	C:\Program Files\Java\jdk-21\bin\nio.dll
0x00007ff9053a0000 - 0x00007ff9053ba000 	C:\Program Files\JetBrains\IntelliJ IDEA Community Edition 2024.1\bin\breakgen64.dll
0x00007ff922300000 - 0x00007ff922309000 	C:\Program Files\Java\jdk-21\bin\extnet.dll
0x00007ff91cc70000 - 0x00007ff91cc7a000 	C:\Program Files\Java\jdk-21\bin\management.dll
0x00007ff91caa0000 - 0x00007ff91caab000 	C:\Program Files\Java\jdk-21\bin\management_ext.dll
0x00007ff953450000 - 0x00007ff953458000 	C:\Windows\System32\PSAPI.DLL

dbghelp: loaded successfully - version: 4.0.5 - missing functions: none
symbol engine: initialized successfully - sym options: 0x614 - pdb path: .;C:\Program Files\Java\jdk-21\bin;C:\Windows\SYSTEM32;C:\Windows\WinSxS\amd64_microsoft.windows.common-controls_6595b64144ccf1df_6.0.22621.5547_none_27104afb73855772;C:\Program Files\Java\jdk-21\bin\server;C:\Program Files\JetBrains\IntelliJ IDEA Community Edition 2024.1\bin

VM Arguments:
jvm_args: -javaagent:C:\Program Files\JetBrains\IntelliJ IDEA Community Edition 2024.1\lib\idea_rt.jar=61325:C:\Program Files\JetBrains\IntelliJ IDEA Community Edition 2024.1\bin -Dfile.encoding=UTF-8 -Dsun.stdout.encoding=UTF-8 -Dsun.stderr.encoding=UTF-8 
java_command: com.bookStore.bookStore.BookStoreApplication
java_class_path (initial): D:\Project\bookStore\bookStore\target\classes;C:\Users\jothi\.m2\repository\org\springframework\boot\spring-boot-starter-data-jpa\3.5.3\spring-boot-starter-data-jpa-3.5.3.jar;C:\Users\jothi\.m2\repository\org\springframework\boot\spring-boot-starter\3.5.3\spring-boot-starter-3.5.3.jar;C:\Users\jothi\.m2\repository\org\springframework\boot\spring-boot-starter-logging\3.5.3\spring-boot-starter-logging-3.5.3.jar;C:\Users\jothi\.m2\repository\ch\qos\logback\logback-classic\1.5.18\logback-classic-1.5.18.jar;C:\Users\jothi\.m2\repository\ch\qos\logback\logback-core\1.5.18\logback-core-1.5.18.jar;C:\Users\jothi\.m2\repository\org\apache\logging\log4j\log4j-to-slf4j\2.24.3\log4j-to-slf4j-2.24.3.jar;C:\Users\jothi\.m2\repository\org\apache\logging\log4j\log4j-api\2.24.3\log4j-api-2.24.3.jar;C:\Users\jothi\.m2\repository\org\slf4j\jul-to-slf4j\2.0.17\jul-to-slf4j-2.0.17.jar;C:\Users\jothi\.m2\repository\jakarta\annotation\jakarta.annotation-api\2.1.1\jakarta.annotation-api-2.1.1.jar;C:\Users\jothi\.m2\repository\org\yaml\snakeyaml\2.4\snakeyaml-2.4.jar;C:\Users\jothi\.m2\repository\org\springframework\boot\spring-boot-starter-jdbc\3.5.3\spring-boot-starter-jdbc-3.5.3.jar;C:\Users\jothi\.m2\repository\com\zaxxer\HikariCP\6.3.0\HikariCP-6.3.0.jar;C:\Users\jothi\.m2\repository\org\springframework\spring-jdbc\6.2.8\spring-jdbc-6.2.8.jar;C:\Users\jothi\.m2\repository\org\hibernate\orm\hibernate-core\6.6.18.Final\hibernate-core-6.6.18.Final.jar;C:\Users\jothi\.m2\repository\jakarta\persistence\jakarta.persistence-api\3.1.0\jakarta.persistence-api-3.1.0.jar;C:\Users\jothi\.m2\repository\jakarta\transaction\jakarta.transaction-api\2.0.1\jakarta.transaction-api-2.0.1.jar;C:\Users\jothi\.m2\repository\org\jboss\logging\jboss-logging\3.6.1.Final\jboss-logging-3.6.1.Final.jar;C:\Users\jothi\.m2\repository\org\hibernate\common\hibernate-commons-annotations\7.0.3.Final\hibernate-commons-annotations-7.0.3.Final.jar;C:\Users\jothi\.m2\repository\io\smallrye\jandex\3.2.0\jandex-3.2.0.jar;C:\Users\jothi\.m2\repository\com\fasterxml\classmate\1.7.0\classmate-1.7.0.jar;C:\Users\jothi\.m2\repository\net\bytebuddy\byte-buddy\1.17.6\byte-buddy-1.17.6.jar;C:\Users\jothi\.m2\repository\org\glassfish\jaxb\jaxb-runtime\4.0.5\jaxb-runtime-4.0.5.jar;C:\Users\jothi\.m2\repository\org\glassfish\jaxb\jaxb-core\4.0.5\jaxb-core-4.0.5.jar;C:\Users\jothi\.m2\repository\org\eclipse\angus\angus-activation\2.0.2\angus-activation-2.0.2.jar;C:\Users\jothi\.m2\repository\org\glassfish\jaxb\txw2\4.0.5\txw2-4.0.5.jar;C:\Users\jothi\.m2\repository\com\sun\istack\istack-commons-runtime\4.1.2\istack-commons-runtime-4.1.2.jar;C:\Users\jothi\.m2\repository\jakarta\inject\jakarta.inject-api\2.0.1\jakarta.inject-api-2.0.1.jar;C:\Users\jothi\.m2\repository\org\antlr\antlr4-runtime\4.13.0\antlr4-runtime-4.13.0.jar;C:\Users\jothi\.m2\repository\org\springframework\data\spring-data-jpa\3.5.1\spring-data-jpa-3.5.1.jar;C:\Users\jothi\.m2\repository\org\springframework\data\spring-data-commons\3.5.1\spring-data-commons-3.5.1.jar;C:\Users\jothi\.m2\repository\org\springframework\spring-orm\6.2.8\spring-orm-6.2.8.jar;C:\Users\jothi\.m2\repository\org\springframework\spring-context\6.2.8\spring-context-6.2.8.jar;C:\Users\jothi\.m2\repository\org\springframework\spring-aop\6.2.8\spring-aop-6.2.8.jar;C:\Users\jothi\.m2\repository\org\springframework\spring-tx\6.2.8\spring-tx-6.2.8.jar;C:\Users\jothi\.m2\repository\org\springframework\spring-beans\6.2.8\spring-beans-6.2.8.jar;C:\Users\jothi\.m2\repository\org\slf4j\slf4j-api\2.0.17\slf4j-api-2.0.17.jar;C:\Users\jothi\.m2\repository\org\springframework\spring-aspects\6.2.8\spring-aspects-6.2.8.jar;C:\Users\jothi\.m2\repository\org\aspectj\aspectjweaver\1.9.24\aspectjweaver-1.9.24.jar;C:\Users\jothi\.m2\repository\org\springframework\boot\spring-boot-starter-thymeleaf\3.5.3\spring-boot-starter-thymeleaf-3.5.3.jar;C:\Users\jothi\.m2\repository\org\thymeleaf\thymeleaf-spring6\3.1.3.RELEASE\thymeleaf-spring6-3.1.3.RELEASE.jar;C:\Users\jothi\.m2\repository\org\thymeleaf\thymeleaf\3.1.3.RELEASE\thymeleaf-3.1.3.RELEASE.jar;C:\Users\jothi\.m2\repository\org\attoparser\attoparser\2.0.7.RELEASE\attoparser-2.0.7.RELEASE.jar;C:\Users\jothi\.m2\repository\org\unbescape\unbescape\1.1.6.RELEASE\unbescape-1.1.6.RELEASE.jar;C:\Users\jothi\.m2\repository\org\springframework\boot\spring-boot-starter-web\3.5.3\spring-boot-starter-web-3.5.3.jar;C:\Users\jothi\.m2\repository\org\springframework\boot\spring-boot-starter-json\3.5.3\spring-boot-starter-json-3.5.3.jar;C:\Users\jothi\.m2\repository\com\fasterxml\jackson\core\jackson-databind\2.19.1\jackson-databind-2.19.1.jar;C:\Users\jothi\.m2\repository\com\fasterxml\jackson\core\jackson-annotations\2.19.1\jackson-annotations-2.19.1.jar;C:\Users\jothi\.m2\repository\com\fasterxml\jackson\core\jackson-core\2.19.1\jackson-core-2.19.1.jar;C:\Users\jothi\.m2\repository\com\fasterxml\jackson\datatype\jackson-datatype-jdk8\2.19.1\jackson-datatype-jdk8-2.19.1.jar;C:\Users\jothi\.m2\repository\com\fasterxml\jackson\datatype\jackson-datatype-jsr310\2.19.1\jackson-datatype-jsr310-2.19.1.jar;C:\Users\jothi\.m2\repository\com\fasterxml\jackson\module\jackson-module-parameter-names\2.19.1\jackson-module-parameter-names-2.19.1.jar;C:\Users\jothi\.m2\repository\org\springframework\boot\spring-boot-starter-tomcat\3.5.3\spring-boot-starter-tomcat-3.5.3.jar;C:\Users\jothi\.m2\repository\org\apache\tomcat\embed\tomcat-embed-core\10.1.42\tomcat-embed-core-10.1.42.jar;C:\Users\jothi\.m2\repository\org\apache\tomcat\embed\tomcat-embed-el\10.1.42\tomcat-embed-el-10.1.42.jar;C:\Users\jothi\.m2\repository\org\apache\tomcat\embed\tomcat-embed-websocket\10.1.42\tomcat-embed-websocket-10.1.42.jar;C:\Users\jothi\.m2\repository\org\springframework\spring-web\6.2.8\spring-web-6.2.8.jar;C:\Users\jothi\.m2\repository\io\micrometer\micrometer-observation\1.15.1\micrometer-observation-1.15.1.jar;C:\Users\jothi\.m2\repository\io\micrometer\micrometer-commons\1.15.1\micrometer-commons-1.15.1.jar;C:\Users\jothi\.m2\repository\org\springframework\spring-webmvc\6.2.8\spring-webmvc-6.2.8.jar;C:\Users\jothi\.m2\repository\org\springframework\spring-expression\6.2.8\spring-expression-6.2.8.jar;C:\Users\jothi\.m2\repository\org\springframework\boot\spring-boot-devtools\3.5.3\spring-boot-devtools-3.5.3.jar;C:\Users\jothi\.m2\repository\org\springframework\boot\spring-boot\3.5.3\spring-boot-3.5.3.jar;C:\Users\jothi\.m2\repository\org\springframework\boot\spring-boot-autoconfigure\3.5.3\spring-boot-autoconfigure-3.5.3.jar;C:\Users\jothi\.m2\repository\com\mysql\mysql-connector-j\9.2.0\mysql-connector-j-9.2.0.jar;C:\Users\jothi\.m2\repository\jakarta\xml\bind\jakarta.xml.bind-api\4.0.2\jakarta.xml.bind-api-4.0.2.jar;C:\Users\jothi\.m2\repository\jakarta\activation\jakarta.activation-api\2.1.3\jakarta.activation-api-2.1.3.jar;C:\Users\jothi\.m2\repository\org\springframework\spring-core\6.2.8\spring-core-6.2.8.jar;C:\Users\jothi\.m2\repository\org\springframework\spring-jcl\6.2.8\spring-jcl-6.2.8.jar
Launcher Type: SUN_STANDARD

[Global flags]
     intx CICompilerCount                          = 3                                         {product} {ergonomic}
     uint ConcGCThreads                            = 1                                         {product} {ergonomic}
     uint G1ConcRefinementThreads                  = 4                                         {product} {ergonomic}
   size_t G1HeapRegionSize                         = 1048576                                   {product} {ergonomic}
    uintx GCDrainStackTargetSize                   = 64                                        {product} {ergonomic}
   size_t InitialHeapSize                          = 130023424                                 {product} {ergonomic}
   size_t MarkStackSize                            = 4194304                                   {product} {ergonomic}
   size_t MaxHeapSize                              = 2067791872                                {product} {ergonomic}
   size_t MaxNewSize                               = 1240465408                                {product} {ergonomic}
   size_t MinHeapDeltaBytes                        = 1048576                                   {product} {ergonomic}
   size_t MinHeapSize                              = 8388608                                   {product} {ergonomic}
    uintx NonNMethodCodeHeapSize                   = 5832780                                {pd product} {ergonomic}
    uintx NonProfiledCodeHeapSize                  = 122912730                              {pd product} {ergonomic}
    uintx ProfiledCodeHeapSize                     = 122912730                              {pd product} {ergonomic}
    uintx ReservedCodeCacheSize                    = 251658240                              {pd product} {ergonomic}
     bool SegmentedCodeCache                       = true                                      {product} {ergonomic}
   size_t SoftMaxHeapSize                          = 2067791872                             {manageable} {ergonomic}
     bool UseCompressedOops                        = true                           {product lp64_product} {ergonomic}
     bool UseG1GC                                  = true                                      {product} {ergonomic}
     bool UseLargePagesIndividualAllocation        = false                                  {pd product} {ergonomic}

Logging:
Log output configuration:
 #0: stdout all=warning uptime,level,tags foldmultilines=false
 #1: stderr all=off uptime,level,tags foldmultilines=false

Environment Variables:
JAVA_HOME=C:\Program Files\Java\jdk-21
PATH=C:\Program Files\Common Files\Oracle\Java\javapath;C:\Windows\system32;C:\Windows;C:\Windows\System32\Wbem;C:\Windows\System32\WindowsPowerShell\v1.0\;C:\Windows\System32\OpenSSH\;C:\Program Files\Amazon\AWSCLI\bin\;C:\Program Files\Git\cmd;C:\Program Files\Java\jdk-21\bin;C:\php-8.3.4-Win32-vs16-x86;C:\mongosh-2.2.2-win32-x64\mongosh-2.2.2-win32-x64\bin;C:\Program Files\MongoDB\Server\7.0\bin;C:\Program Files\PuTTY\;C:\Program Files\;C:\ProgramData\chocolatey\bin;C:\Program Files\apache-maven-3.9.9\bin;C:\Users\jothi\AppData\Local\Programs\Python\Python313\Scripts\;C:\Users\jothi\AppData\Local\Programs\Python\Python313\;C:\Users\jothi\AppData\Local\Programs\Python\Python37\Scripts\;C:\Users\jothi\AppData\Local\Programs\Python\Python37\;C:\Users\jothi\AppData\Local\Microsoft\WindowsApps;C:\Program Files\sf\bin;C:\Program Files\MongoDB\Server\7.0\bin;C:\Users\jothi\Downloads\mongosh-2.2.2-win32-x64\mongosh-2.2.2-win32-x64\bin;C:\Users\jothi\AppData\Roaming\npm;C:\Users\jothi\AppData\Local\Programs\Microsoft VS Code\bin
USERNAME=jothi
OS=Windows_NT
PROCESSOR_IDENTIFIER=Intel64 Family 6 Model 140 Stepping 1, GenuineIntel
TMP=C:\Users\jothi\AppData\Local\Temp
TEMP=C:\Users\jothi\AppData\Local\Temp




Periodic native trim disabled

---------------  S Y S T E M  ---------------

OS:
 Windows 11 , 64 bit Build 22621 (10.0.22621.5415)
OS uptime: 10 days 2:12 hours
Hyper-V role detected

CPU: total 4 (initial active 4) (2 cores per cpu, 2 threads per core) family 6 model 140 stepping 1 microcode 0xa6, cx8, cmov, fxsr, ht, mmx, 3dnowpref, sse, sse2, sse3, ssse3, sse4.1, sse4.2, popcnt, lzcnt, tsc, tscinvbit, avx, avx2, aes, erms, clmul, bmi1, bmi2, adx, avx512f, avx512dq, avx512cd, avx512bw, avx512vl, sha, fma, vzeroupper, avx512_vpopcntdq, avx512_vpclmulqdq, avx512_vaes, avx512_vnni, clflush, clflushopt, clwb, avx512_vbmi2, avx512_vbmi, hv, rdtscp, rdpid, fsrm, gfni, avx512_bitalg, f16c, cet_ibt, cet_ss, avx512_ifma
Processor Information for all 4 processors :
  Max Mhz: 2995, Current Mhz: 2995, Mhz Limit: 2995

Memory: 4k page, system-wide physical 7886M (434M free)
TotalPageFile size 14464M (AvailPageFile size 3M)
current process WorkingSet (physical memory assigned to process): 115M, peak: 115M
current process commit charge ("private bytes"): 234M, peak: 235M

vm_info: Java HotSpot(TM) 64-Bit Server VM (21.0.2+13-LTS-58) for windows-amd64 JRE (21.0.2+13-LTS-58), built on 2024-01-05T18:32:24Z by "mach5one" with MS VC++ 17.1 (VS2022)

END.
